<?xml version="1.0" encoding="UTF-8"?>
<!-- Generated by org.testng.reporters.JUnitReportReporter -->
<testsuite hostname="Munnas-MacBook-Pro.local" name="pcShopping.pcShopping_SS2" tests="1" failures="0" timestamp="31 Jul 2020 17:08:04 GMT" time="15.208" errors="0">
  <testcase name="pcShopping_SS3_positiveAction" time="15.208" classname="pcShopping.pcShopping_SS2"/>
</testsuite> <!-- pcShopping.pcShopping_SS2 -->
