<?xml version="1.0" encoding="UTF-8"?>
<!-- Generated by org.testng.reporters.JUnitReportReporter -->
<testsuite hostname="Munnas-MacBook-Pro.local" name="pcShopping.pcShopping_SS4" tests="1" failures="0" timestamp="31 Jul 2020 17:40:07 GMT" time="14.869" errors="0">
  <testcase name="pcShopping_SS3_positiveAction" time="14.869" classname="pcShopping.pcShopping_SS4"/>
</testsuite> <!-- pcShopping.pcShopping_SS4 -->
